12 465 499
21 196 384
30 185 504
39 185 399
48 180 442
57 175 418
66 179 409
75 169 393
85 167 377
94 162 358
104 157 341
114 159 307
124 162 311
133 155 295
143 160 314
153 159 280
162 158 277
172 161 267
182 165 252
193 167 289
203 161 274
212 166 275
222 165 274
232 167 243
243 161 279
254 159 211
265 169 279
276 162 263
288 178 247
303 168 240
338 170 333
409 167 279
650 156 269
684 163 251
717 157 238
747 168 244
769 165 201
788 173 211
806 147 172
823 161 151
839 150 171
856 162 220
872 160 125
891 159 160
959 178 185
993 174 180
1019 176 166
1047 164 183
1081 164 176
1111 173 170
1134 168 277
1153 172 183
1171 170 158
1190 173 115
1207 170 117
1226 175 137
1247 163 115
1266 166 97
1284 148 97
1300 128 100
1312 130 93
1323 135 90
1335 144 128
1350 178 121
1363 175 140
1376 174 103
1389 181 141
1402 176 164
1415 179 171
1428 166 145
1441 170 155
1453 162 239
1464 173 173
1475 160 260
1485 167 265
1495 172 218
1503 175 205
1510 164 325
1518 153 305
1526 159 189
1535 166 284
1544 159 183
1553 159 184
1562 162 257
1572 163 161
1583 163 218
1595 165 142
1605 167 214
1616 165 209
1627 170 133
1638 164 151
1649 169 133
1661 175 134
1672 172 89
1683 169 120
1694 174 110
1705 174 127
1714 175 94
1724 169 84
1734 166 104
1744 167 68
1754 153 78
1765 150 64
1777 145 90
1788 147 59
1799 147 70
1811 131 96
1823 125 97
1836 104 78
1851 116 89
1872 114 73
