12 465 499
21 196 384
30 185 504
39 185 399
48 180 442
57 175 418
66 179 409
75 169 393
85 167 377
94 162 358
104 157 341
114 159 307
124 162 311
133 155 295
143 160 314
153 159 280
162 158 277
172 161 267
182 165 252
193 167 289
203 161 274
212 166 275
222 165 274
232 167 243
243 161 279
254 159 211
265 169 279
276 162 263
288 178 247
303 168 240
338 170 333
409 167 279
650 156 269
684 163 251
717 157 238
747 168 244
769 165 201
788 173 211
806 147 172
823 161 151
839 150 171
856 162 220
872 160 125
891 159 160
959 178 185
993 174 180
1019 176 166
1047 164 183
1081 164 176
1111 173 170
1134 168 277
1153 172 183
1171 170 131
1190 173 148
1207 165 142
1226 170 111
1247 160 104
1266 162 105
1284 151 97
1300 128 111
1312 126 116
1323 133 108
1335 146 107
1349 178 130
1362 176 120
1375 170 125
1388 167 157
1401 169 161
1415 179 165
1428 172 142
1441 168 196
1454 163 231
1465 168 190
1476 165 197
1486 170 270
1496 166 291
1504 186 290
1512 169 288
1520 167 306
1528 155 303
1536 170 216
1545 164 257
1554 166 253
1563 167 173
1573 152 255
1583 166 214
1595 170 142
1606 162 218
1617 169 209
1627 163 184
1638 164 154
1649 166 135
1661 173 134
1672 165 123
1683 174 115
1694 175 106
1705 176 120
1714 164 138
1724 171 72
1734 164 128
1744 155 73
1754 153 80
1765 147 87
1776 163 75
1787 156 82
1798 143 68
1808 145 78
1821 132 97
1834 131 97
1849 108 94
1870 111 70
1894 71 81
1914 82 62
1927 74 83
1940 80 75
1957 110 83
1973 125 92
1989 134 105
2003 104 111
2017 131 97
2032 141 91
2046 159 88
2060 166 93
2074 175 85
2088 181 118
2103 188 86
2118 193 124
2131 192 114
2143 182 139
2154 175 139
2165 174 121
2176 174 116
2186 167 112
2197 175 103
2208 166 108
2219 144 107
2230 139 108
2241 141 91
2252 157 68
2262 151 81
2271 159 88
2279 150 85
2287 153 76
2294 135 85
2301 136 63
2308 146 82
2315 140 87
2321 129 95
2327 121 93
2334 134 103
2341 120 110
2349 137 80
2357 132 103
2366 145 122
2375 163 147
2384 148 168
2394 155 169
2404 165 152
2416 164 161
2429 155 172
2443 150 181
2457 153 112
2472 146 164
2486 151 162
2500 137 104
2514 134 146
2528 131 112
2541 143 150
2554 147 147
2566 124 135
2577 122 96
2590 133 134
2602 134 145
2611 122 157
2620 117 150
2630 130 155
2639 127 167
2648 137 161
2656 135 115
2665 135 175
2674 138 171
2684 151 114
2694 140 154
2706 157 143
2718 140 181
2729 141 164
2740 154 154
2750 134 155
2759 151 124
2767 145 115
2776 140 104
2785 142 108
2793 143 122
2801 147 107
2810 153 76
2818 155 89
2827 157 80
2836 161 99
2845 158 101
2854 164 105
2864 169 103
2874 173 73
2884 176 98
2894 176 86
2904 177 84
2914 175 86
2924 177 92
2934 170 85
2944 170 81
2954 159 89
2965 144 74
2974 140 61
2984 123 67
2995 128 41
3004 130 59
3013 103 73
3022 106 68
3030 114 56
3038 94 79
3046 92 74
3055 85 59
3063 85 64
3071 88 51
3079 87 48
3087 93 65
3096 85 53
3105 93 52
3114 88 47
3124 73 53
3134 74 38
3145 50 73
